app/build/intermediates/manifest_merge_blame_file/debug/manifest-merger-blame-debug-report.txt
1<?xml version="1.0" encoding="utf-8"?>
2<manifest xmlns:android="http://schemas.android.com/apk/res/android"
3    package="com.samydev.ibsamutils"
4    android:versionCode="1"
5    android:versionName="1.0" >
6
7    <uses-sdk
8        android:minSdkVersion="19"
8-->src\main\AndroidManifest.xml
9        android:targetSdkVersion="32" />
9-->src\main\AndroidManifest.xml
10
11    <uses-permission android:name="android.permission.ACCESS_NETWORK_STATE" />
11-->[:IbSamUtils] AndroidManifest.xml:9:5-79
11-->[:IbSamUtils] AndroidManifest.xml:9:22-76
12    <uses-permission android:name="android.permission.INTERNET" />
12-->[:IbSamUtils] AndroidManifest.xml:10:5-67
12-->[:IbSamUtils] AndroidManifest.xml:10:22-64
13    <uses-permission android:name="android.permission.ACCESS_WIFI_STATE" />
13-->[:IbSamUtils] AndroidManifest.xml:11:5-76
13-->[:IbSamUtils] AndroidManifest.xml:11:22-73
14
15    <application
15-->src\main\AndroidManifest.xml:6:5-25:19
16        android:allowBackup="true"
16-->src\main\AndroidManifest.xml:7:9-35
17        android:appComponentFactory="androidx.core.app.CoreComponentFactory"
17-->[androidx.core:core:1.8.0] AndroidManifest.xml:24:18-86
18        android:dataExtractionRules="@xml/data_extraction_rules"
18-->src\main\AndroidManifest.xml:8:9-65
19        android:debuggable="true"
20        android:fullBackupContent="@xml/backup_rules"
20-->src\main\AndroidManifest.xml:9:9-54
21        android:icon="@mipmap/ic_launcher"
21-->src\main\AndroidManifest.xml:10:9-43
22        android:label="@string/app_name"
22-->src\main\AndroidManifest.xml:11:9-41
23        android:roundIcon="@mipmap/ic_launcher_round"
23-->src\main\AndroidManifest.xml:12:9-54
24        android:supportsRtl="true"
24-->src\main\AndroidManifest.xml:13:9-35
25        android:testOnly="true"
26        android:theme="@style/Theme.TestUtils" >
26-->src\main\AndroidManifest.xml:14:9-47
27        <activity
27-->src\main\AndroidManifest.xml:16:9-24:20
28            android:name="com.samydev.ibsamutils.MainActivity"
28-->src\main\AndroidManifest.xml:17:13-41
29            android:exported="true" >
29-->src\main\AndroidManifest.xml:18:13-36
30            <intent-filter>
30-->src\main\AndroidManifest.xml:19:13-23:29
31                <action android:name="android.intent.action.MAIN" />
31-->src\main\AndroidManifest.xml:20:17-69
31-->src\main\AndroidManifest.xml:20:25-66
32
33                <category android:name="android.intent.category.LAUNCHER" />
33-->src\main\AndroidManifest.xml:22:17-77
33-->src\main\AndroidManifest.xml:22:27-74
34            </intent-filter>
35        </activity>
36        <activity
36-->[:IbSamUtils] AndroidManifest.xml:14:9-16:40
37            android:name="com.ibsamapps.zorautils.PrivacyActivity"
37-->[:IbSamUtils] AndroidManifest.xml:15:13-67
38            android:exported="false" />
38-->[:IbSamUtils] AndroidManifest.xml:16:13-37
39        <activity
39-->[:IbSamUtils] AndroidManifest.xml:17:9-19:40
40            android:name="com.ibsamapps.zorautils.NoConnection"
40-->[:IbSamUtils] AndroidManifest.xml:18:13-64
41            android:exported="false" />
41-->[:IbSamUtils] AndroidManifest.xml:19:13-37
42
43        <provider
43-->[androidx.emoji2:emoji2:1.2.0] AndroidManifest.xml:24:9-32:20
44            android:name="androidx.startup.InitializationProvider"
44-->[androidx.emoji2:emoji2:1.2.0] AndroidManifest.xml:25:13-67
45            android:authorities="com.samydev.ibsamutils.androidx-startup"
45-->[androidx.emoji2:emoji2:1.2.0] AndroidManifest.xml:26:13-68
46            android:exported="false" >
46-->[androidx.emoji2:emoji2:1.2.0] AndroidManifest.xml:27:13-37
47            <meta-data
47-->[androidx.emoji2:emoji2:1.2.0] AndroidManifest.xml:29:13-31:52
48                android:name="androidx.emoji2.text.EmojiCompatInitializer"
48-->[androidx.emoji2:emoji2:1.2.0] AndroidManifest.xml:30:17-75
49                android:value="androidx.startup" />
49-->[androidx.emoji2:emoji2:1.2.0] AndroidManifest.xml:31:17-49
50            <meta-data
50-->[androidx.lifecycle:lifecycle-process:2.4.1] AndroidManifest.xml:31:13-33:52
51                android:name="androidx.lifecycle.ProcessLifecycleInitializer"
51-->[androidx.lifecycle:lifecycle-process:2.4.1] AndroidManifest.xml:32:17-78
52                android:value="androidx.startup" />
52-->[androidx.lifecycle:lifecycle-process:2.4.1] AndroidManifest.xml:33:17-49
53        </provider>
54    </application>
55
56</manifest>